<?xml version="1.0" encoding="UTF-8"?>
<testsuite name="csci.ooad.polymorphia.server.controllers.PolymorphiaControllerTest" tests="1" skipped="0" failures="0" errors="0" timestamp="2024-12-08T08:27:17" hostname="alMacBook-Pro-alkhas-bsart.local" time="0.392">
  <properties/>
  <testcase name="playTurnWithHumanPlayer()" classname="csci.ooad.polymorphia.server.controllers.PolymorphiaControllerTest" time="0.392"/>
  <system-out><![CDATA[ ___          _                                          _
(  _`\       (_ )                                       ( )     _
| |_) )  _    | |  _   _   ___ ___     _    _ __  _ _   | |__  (_)   _ _
| ,__/'/'_`\  | | ( ) ( )/' _ ` _ `\ /'_`\ ( '__)( '_`\ |  _ `\| | /'_` )
| |   ( (_) ) | | | (_) || ( ) ( ) |( (_) )| |   | (_) )| | | || |( (_| |
(_)   `\___/'(___)`\__, |(_) (_) (_)`\___/'(_)   | ,__/'(_) (_)(_)`\__,_)
                  ( )_| |                        | |
                  `\___/'                        (_)
Polymorphia: An Object-Oriented Adventure Game 0.1
Powered by Spring Boot 3.3.5
?[33mStarting PolymorphiaControllerTest using Java 22.0.2 with PID 18950 (started by sarah in /Users/sarah/Documents/School/Senior/OOAD/Homeworks/csci-4448-5448-fall-2024-homework-9-sarah)
?[0;39m?[33mNo active profile set, falling back to 1 default profile: "default"
?[0;39m?[33mStarted PolymorphiaControllerTest in 0.753 seconds (process running for 1.228)
?[0;39m]]></system-out>
  <system-err><![CDATA[WARNING: A Java agent has been loaded dynamically (/Users/sarah/.gradle/caches/modules-2/files-2.1/net.bytebuddy/byte-buddy-agent/1.14.19/154da3a65b4f4a909d3e5bdec55d1b2b4cbb6ce1/byte-buddy-agent-1.14.19.jar)
WARNING: If a serviceability tool is in use, please run with -XX:+EnableDynamicAgentLoading to hide this warning
WARNING: If a serviceability tool is not in use, please run with -Djdk.instrument.traceUsage for more information
WARNING: Dynamic loading of agents will be disallowed by default in a future release
]]></system-err>
</testsuite>
